<?xml version="1.0" encoding="UTF-8"?>
<!-- Generated by org.testng.reporters.JUnitXMLReporter -->
<testsuite hostname="FVFY20FZHV2H" ignored="0" name="Surefire test" tests="1" failures="1" timestamp="2022-01-10T21:07:00 EET" time="0.111" errors="0">
  <testcase name="@AfterClass closeWebDriver" time="0.001" classname="com.ex.BaseTest">
    <failure type="java.lang.NullPointerException">
      <![CDATA[java.lang.NullPointerException
at com.ex.BaseTest.closeWebDriver(BaseTest.java:27)
at java.util.ArrayList.forEach(ArrayList.java:1259)
... Removed 30 stack frames]]>
    </failure>
  </testcase> <!-- @AfterClass closeWebDriver -->
  <testcase name="firstTest" time="0.004" classname="com.ex.ui.SmokeUiSuite">
    <failure type="java.lang.NullPointerException">
      <![CDATA[java.lang.NullPointerException
at com.ex.ui.SmokeUiSuite.firstTest(SmokeUiSuite.java:9)
at java.util.ArrayList.forEach(ArrayList.java:1259)
... Removed 32 stack frames]]>
    </failure>
  </testcase> <!-- firstTest -->
</testsuite> <!-- Surefire test -->
